TN:
SF:E:\Programming\VSCode\MovieCollectionManager\backend\mc-service\src\adapters\mongodb\client.rs
FN:10,connect
FNF:1
FNDA:0,connect
DA:10,0
DA:11,0
DA:15,0
DA:18,0
DA:19,0
DA:22,0
DA:25,0
DA:27,0
DA:28,0
LF:9
LH:0
end_of_record
TN:
SF:E:\Programming\VSCode\MovieCollectionManager\backend\mc-service\src\adapters\mongodb\collection_repository.rs
FN:21,MongoCollectionRepository::new
FN:30,dao_to_dto
FN:45,is_duplicate_key
FN:51,parse_object_id
FN:79,<impl CollectionRepository for MongoCollectionRepository>::create
FN:104,<impl CollectionRepository for MongoCollectionRepository>::get_by_id
FN:123,<impl CollectionRepository for MongoCollectionRepository>::find_by_id
FN:145,<impl CollectionRepository for MongoCollectionRepository>::list_by_owner
FN:199,<impl CollectionRepository for MongoCollectionRepository>::update
FN:214,<impl CollectionRepository for MongoCollectionRepository>::delete
FN:273,<impl CollectionRepository for MongoCollectionRepository>::find_default_for_owner
FN:278,<impl CollectionRepository for MongoCollectionRepository>::clear_default_for_owner
FN:288,<impl CollectionRepository for MongoCollectionRepository>::set_as_default
FNF:13
FNDA:288230376151711744,MongoCollectionRepository::new
FNDA:864691128455135232,dao_to_dto
FNDA:432345564227567616,is_duplicate_key
FNDA:5476377146882523136,parse_object_id
FNDA:288230376151711744,<impl CollectionRepository for MongoCollectionRepository>::create
FNDA:1441151880758558720,<impl CollectionRepository for MongoCollectionRepository>::get_by_id
FNDA:2594073385365405696,<impl CollectionRepository for MongoCollectionRepository>::find_by_id
FNDA:0,<impl CollectionRepository for MongoCollectionRepository>::list_by_owner
FNDA:144115188075855872,<impl CollectionRepository for MongoCollectionRepository>::update
FNDA:720575940379279360,<impl CollectionRepository for MongoCollectionRepository>::delete
FNDA:0,<impl CollectionRepository for MongoCollectionRepository>::find_default_for_owner
FNDA:144115188075855872,<impl CollectionRepository for MongoCollectionRepository>::clear_default_for_owner
FNDA:144115188075855872,<impl CollectionRepository for MongoCollectionRepository>::set_as_default
DA:21,288230376151711744
DA:23,864691128455135232
DA:24,1152921504606846976
DA:25,576460752303423488
DA:30,864691128455135232
DA:31,5188146770730811392
DA:32,2594073385365405696
DA:33,2594073385365405696
DA:36,1729382256910270464
DA:37,1729382256910270464
DA:38,1729382256910270464
DA:39,1729382256910270464
DA:45,432345564227567616
DA:46,1297036692682702848
DA:47,432345564227567616
DA:48,864691128455135232
DA:51,5476377146882523136
DA:52,16429131440647569408
DA:79,288230376151711744
DA:80,576460752303423488
DA:81,288230376151711744
DA:83,0
DA:90,17582052945254416384
DA:104,1441151880758558720
DA:111,0
DA:123,2594073385365405696
DA:129,0
DA:145,0
DA:151,0
DA:153,1152921504606846976
DA:199,144115188075855872
DA:200,288230376151711744
DA:201,144115188075855872
DA:203,0
DA:214,720575940379279360
DA:226,0
DA:230,0
DA:241,0
DA:254,0
DA:259,0
DA:273,0
DA:275,288230376151711744
DA:278,144115188075855872
DA:284,0
DA:288,144115188075855872
DA:297,0
LF:46
LH:32
end_of_record
TN:
SF:E:\Programming\VSCode\MovieCollectionManager\backend\mc-service\src\adapters\mongodb\daos\collection_dao.rs
FN:32,<impl From for MovieCollection>::from
FN:56,<impl From for CollectionDao>::from
FNF:2
FNDA:2449958197289549824,<impl From for MovieCollection>::from
FNDA:0,<impl From for CollectionDao>::from
DA:32,2449958197289549824
DA:34,9799832789158199296
DA:35,2449958197289549824
DA:36,2449958197289549824
DA:37,2449958197289549824
DA:38,2449958197289549824
DA:39,2449958197289549824
DA:56,0
DA:57,0
DA:59,0
DA:63,0
DA:64,0
DA:65,0
DA:66,0
DA:67,0
LF:15
LH:7
end_of_record
TN:
SF:E:\Programming\VSCode\MovieCollectionManager\backend\mc-service\src\adapters\mongodb\daos\movie_dao.rs
FN:58,content_type_from_str
FN:66,media_format_from_str
FN:76,<impl From for Movie>::from
FNF:3
FNDA:0,content_type_from_str
FNDA:0,media_format_from_str
FNDA:0,<impl From for Movie>::from
DA:58,0
DA:59,0
DA:60,0
DA:61,0
DA:62,0
DA:66,0
DA:67,0
DA:68,0
DA:69,0
DA:70,0
DA:71,0
DA:76,0
DA:78,0
DA:79,0
DA:80,0
DA:81,0
DA:82,0
DA:83,0
DA:84,0
DA:85,0
DA:86,0
DA:87,0
DA:88,0
DA:89,0
DA:90,0
DA:91,0
DA:92,0
DA:93,0
DA:103,0
DA:104,0
DA:105,0
DA:106,0
DA:107,0
DA:108,0
DA:113,0
DA:118,0
LF:36
LH:0
end_of_record
TN:
SF:E:\Programming\VSCode\MovieCollectionManager\backend\mc-service\src\adapters\mongodb\indexes.rs
FN:10,create_indexes
FN:17,create_collection_indexes
FN:62,create_movie_indexes
FNF:3
FNDA:17582052945254416390,create_indexes
FNDA:17582052945254416384,create_collection_indexes
FNDA:17582052945254416384,create_movie_indexes
DA:10,17582052945254416390
DA:11,17582052945254416396
DA:12,17582052945254416384
DA:13,18014398509481984000
DA:14,18014398509481984000
DA:17,17582052945254416384
DA:18,16717361816799281152
DA:21,17582052945254416384
DA:22,17582052945254416384
DA:24,18014398509481984000
DA:25,18014398509481984000
DA:26,17149707381026848768
DA:27,18014398509481984000
DA:28,18014398509481984000
DA:29,17149707381026848768
DA:30,17582052945254416384
DA:31,18014398509481984000
DA:33,18014398509481984000
DA:38,17582052945254416384
DA:39,17582052945254416384
DA:41,18014398509481984000
DA:42,17149707381026848768
DA:43,18014398509481984000
DA:48,17582052945254416384
DA:49,17582052945254416384
DA:51,18014398509481984000
DA:52,17149707381026848768
DA:53,18014398509481984000
DA:57,15852670688344145920
DA:58,18014398509481984000
DA:59,18014398509481984000
DA:62,17582052945254416384
DA:63,16717361816799281152
DA:66,17582052945254416384
DA:67,17582052945254416384
DA:69,18014398509481984000
DA:70,18014398509481984000
DA:71,17149707381026848768
DA:72,18014398509481984000
DA:73,18014398509481984000
DA:74,17149707381026848768
DA:75,17582052945254416384
DA:76,18014398509481984000
DA:78,18014398509481984000
DA:83,17582052945254416384
DA:84,17582052945254416384
DA:86,18014398509481984000
DA:87,17149707381026848768
DA:88,18014398509481984000
DA:93,17582052945254416384
DA:94,17582052945254416384
DA:96,18014398509481984000
DA:97,17149707381026848768
DA:98,18014398509481984000
DA:110,17149707381026848768
DA:113,17149707381026848768
DA:114,18014398509481984000
DA:116,18014398509481984000
DA:117,18014398509481984000
DA:119,18014398509481984000
DA:120,18014398509481984000
DA:121,18014398509481984000
DA:122,18014398509481984000
DA:124,18014398509481984000
DA:125,18014398509481984000
DA:127,18014398509481984000
DA:129,18014398509481984000
DA:130,18014398509481984000
DA:133,18014398509481984000
DA:134,18014398509481984000
DA:138,18014398509481983998
DA:139,18446744073709551614
DA:140,18446744073709551612
DA:141,18446744073709551604
DA:142,18446744073709551614
DA:146,16285016252571713536
DA:147,17149707381026848768
DA:149,17149707381026848768
DA:150,18014398509481984000
LF:79
LH:79
end_of_record
TN:
SF:E:\Programming\VSCode\MovieCollectionManager\backend\mc-service\src\adapters\mongodb\movie_repository.rs
FN:18,escape_for_regex
FN:34,MongoMovieRepository::new
FN:41,parse_oid
FN:45,parse_coll_oid
FN:49,is_duplicate_key
FN:55,content_type_to_str
FN:63,media_format_to_str
FN:72,rating_to_str
FN:84,dao_to_dto
FN:155,encode_cursor
FN:159,decode_cursor
FN:191,<impl MovieRepository for MongoMovieRepository>::create
FN:258,<impl MovieRepository for MongoMovieRepository>::get_by_id
FN:280,<impl MovieRepository for MongoMovieRepository>::update
FN:361,<impl MovieRepository for MongoMovieRepository>::delete
FN:405,<impl MovieRepository for MongoMovieRepository>::list
FN:512,<impl MovieRepository for MongoMovieRepository>::get_filter_options
FNF:17
FNDA:2449958197289549866,escape_for_regex
FNDA:15852670688344145920,MongoMovieRepository::new
FNDA:2449958197289549838,parse_oid
FNDA:1008806316530991103,parse_coll_oid
FNDA:576460752303423488,is_duplicate_key
FNDA:6341068275337658368,content_type_to_str
FNDA:5332261958806667272,media_format_to_str
FNDA:864691128455135231,rating_to_str
FNDA:5044031582654955520,dao_to_dto
FNDA:720575940379279360,encode_cursor
FNDA:864691128455135236,decode_cursor
FNDA:1729382256910270462,<impl MovieRepository for MongoMovieRepository>::create
FNDA:0,<impl MovieRepository for MongoMovieRepository>::get_by_id
FNDA:0,<impl MovieRepository for MongoMovieRepository>::update
FNDA:48,<impl MovieRepository for MongoMovieRepository>::delete
FNDA:18446744073709551614,<impl MovieRepository for MongoMovieRepository>::list
FNDA:0,<impl MovieRepository for MongoMovieRepository>::get_filter_options
DA:18,2449958197289549866
DA:19,7349874591868649598
DA:20,4899916394579099731
DA:21,288230376151711741
DA:22,288230376151711744
DA:24,18446744073709551613
DA:26,2449958197289549866
DA:34,15852670688344145920
DA:36,13258597302978740224
DA:41,2449958197289549838
DA:42,7349874591868649514
DA:45,1008806316530991103
DA:46,3026418949592973309
DA:49,576460752303423488
DA:50,1729382256910270464
DA:51,576460752303423488
DA:52,1152921504606846976
DA:55,6341068275337658368
DA:56,6341068275337658368
DA:57,864691128455135231
DA:58,5476377146882523140
DA:59,2594073385365405738
DA:63,5332261958806667272
DA:64,5332261958806667272
DA:65,6773413839565225938
DA:66,864691128455135231
DA:67,2594073385365405706
DA:68,6485183463413514280
DA:72,864691128455135231
DA:73,864691128455135231
DA:74,18446744073709551615
DA:75,2738188573441261576
DA:76,5620492334958379016
DA:77,6629298651489370116
DA:78,2594073385365405704
DA:79,5188146770730811392
DA:80,40
DA:84,5044031582654955520
DA:88,6773413839565225984
DA:89,10088063165309911040
DA:90,5044031582654955520
DA:91,5044031582654955520
DA:92,5044031582654955520
DA:97,5044031582654955520
DA:98,5044031582654955520
DA:99,5044031582654955520
DA:100,5044031582654955520
DA:101,5044031582654955520
DA:102,5044031582654955520
DA:103,5044031582654955520
DA:104,5044031582654955520
DA:105,5044031582654955520
DA:106,13258597302978740224
DA:116,5044031582654955520
DA:117,5044031582654955520
DA:118,5044031582654955520
DA:119,5044031582654955520
DA:120,5044031582654955520
DA:121,5044031582654955520
DA:131,5044031582654955520
DA:141,5044031582654955520
DA:150,10088063165309911040
DA:151,10088063165309911040
DA:155,720575940379279360
DA:156,2882303761517117440
DA:159,864691128455135236
DA:160,5764607523034234908
DA:161,2161727821137838092
DA:191,1729382256910270462
DA:220,432345564227567616
DA:221,864691128455135232
DA:222,432345564227567616
DA:224,0
DA:231,0
DA:239,0
DA:258,0
DA:280,0
DA:300,864691128455135232
DA:333,144115188075855872
DA:334,288230376151711744
DA:335,144115188075855872
DA:337,0
DA:361,48
DA:405,18446744073709551614
DA:406,18446744073709551614
DA:466,0
DA:472,0
DA:488,1441151880758558720
DA:512,0
DA:514,5188146770730811392
DA:521,0
DA:523,1729382256910270464
DA:528,576460752303423488
DA:529,720575940379279360
DA:530,576460752303423488
DA:531,576460752303423488
DA:532,0
DA:540,0
DA:542,3458764513820540928
DA:549,0
DA:551,3891110078048108544
DA:558,0
DA:560,2017612633061982208
DA:563,10232178353385766912
DA:571,0
DA:573,1729382256910270464
DA:580,0
DA:582,1297036692682702848
LF:108
LH:92
end_of_record
TN:
SF:E:\Programming\VSCode\MovieCollectionManager\backend\mc-service\src\api\collections\create.rs
FN:13,create_collection
FNF:1
FNDA:0,create_collection
DA:13,0
LF:1
LH:0
end_of_record
TN:
SF:E:\Programming\VSCode\MovieCollectionManager\backend\mc-service\src\api\collections\delete.rs
FN:17,delete_collection
FNF:1
FNDA:0,delete_collection
DA:17,0
LF:1
LH:0
end_of_record
TN:
SF:E:\Programming\VSCode\MovieCollectionManager\backend\mc-service\src\api\collections\get.rs
FN:16,get_collection
FNF:1
FNDA:0,get_collection
DA:16,0
LF:1
LH:0
end_of_record
TN:
SF:E:\Programming\VSCode\MovieCollectionManager\backend\mc-service\src\api\collections\list.rs
FN:12,list_collections
FNF:1
FNDA:0,list_collections
DA:12,0
LF:1
LH:0
end_of_record
TN:
SF:E:\Programming\VSCode\MovieCollectionManager\backend\mc-service\src\api\collections\update.rs
FN:19,update_collection
FNF:1
FNDA:0,update_collection
DA:19,0
LF:1
LH:0
end_of_record
TN:
SF:E:\Programming\VSCode\MovieCollectionManager\backend\mc-service\src\api\health.rs
FN:7,health_handler
FNF:1
FNDA:576460752303423488,health_handler
DA:7,576460752303423488
LF:1
LH:1
end_of_record
TN:
SF:E:\Programming\VSCode\MovieCollectionManager\backend\mc-service\src\api\metrics.rs
FN:12,metrics_handler
FNF:1
FNDA:576460752303423488,metrics_handler
DA:12,576460752303423488
LF:1
LH:1
end_of_record
TN:
SF:E:\Programming\VSCode\MovieCollectionManager\backend\mc-service\src\api\middleware\auth.rs
FN:28,<impl Display for Role>::fmt
FN:38,<impl From for Role>::from
FN:65,build_auth_layer
FN:83,require_app_role
FNF:4
FNDA:0,<impl Display for Role>::fmt
FNDA:0,<impl From for Role>::from
FNDA:576460752303423488,build_auth_layer
FNDA:0,require_app_role
DA:28,0
DA:29,0
DA:30,0
DA:31,0
DA:32,0
DA:38,0
DA:39,0
DA:40,0
DA:41,0
DA:42,0
DA:65,576460752303423488
DA:66,576460752303423488
DA:67,1152921504606846976
DA:68,1152921504606846976
DA:70,2305843009213693952
DA:83,0
DA:88,0
DA:89,0
DA:91,0
DA:93,0
DA:94,0
DA:95,0
DA:96,0
DA:97,0
DA:98,0
DA:99,0
DA:100,0
DA:105,0
LF:28
LH:5
end_of_record
TN:
SF:E:\Programming\VSCode\MovieCollectionManager\backend\mc-service\src\api\middleware\error_handler.rs
FN:10,problem_response
FN:32,domain_error_to_response
FNF:2
FNDA:0,problem_response
FNDA:0,domain_error_to_response
DA:10,0
DA:16,0
DA:17,0
DA:18,0
DA:19,0
DA:20,0
DA:24,0
DA:25,0
DA:26,0
DA:32,0
DA:33,0
DA:62,0
DA:77,0
DA:85,0
DA:86,0
LF:15
LH:0
end_of_record
TN:
SF:E:\Programming\VSCode\MovieCollectionManager\backend\mc-service\src\api\middleware\logging.rs
FN:14,logging_middleware
FNF:1
FNDA:1152921504606846976,logging_middleware
DA:14,1152921504606846976
DA:15,1729382256910270464
DA:16,1729382256910270464
DA:17,1729382256910270464
DA:20,1152921504606846976
DA:27,1152921504606846976
DA:28,4035225266123964416
DA:29,1729382256910270464
DA:30,1729382256910270464
DA:33,1729382256910270464
DA:34,576460752303423488
DA:43,576460752303423488
DA:44,0
DA:45,576460752303423488
DA:46,0
DA:49,576460752303423488
LF:16
LH:14
end_of_record
TN:
SF:E:\Programming\VSCode\MovieCollectionManager\backend\mc-service\src\api\movies\create.rs
FN:18,create_movie
FNF:1
FNDA:0,create_movie
DA:18,0
LF:1
LH:0
end_of_record
TN:
SF:E:\Programming\VSCode\MovieCollectionManager\backend\mc-service\src\api\movies\delete.rs
FN:17,delete_movie
FNF:1
FNDA:0,delete_movie
DA:17,0
LF:1
LH:0
end_of_record
TN:
SF:E:\Programming\VSCode\MovieCollectionManager\backend\mc-service\src\api\movies\filter_options.rs
FN:16,get_filter_options
FNF:1
FNDA:0,get_filter_options
DA:16,0
LF:1
LH:0
end_of_record
TN:
SF:E:\Programming\VSCode\MovieCollectionManager\backend\mc-service\src\api\movies\get.rs
FN:16,get_movie
FNF:1
FNDA:0,get_movie
DA:16,0
LF:1
LH:0
end_of_record
TN:
SF:E:\Programming\VSCode\MovieCollectionManager\backend\mc-service\src\api\movies\list.rs
FN:40,list_movies
FNF:1
FNDA:0,list_movies
DA:40,0
LF:1
LH:0
end_of_record
TN:
SF:E:\Programming\VSCode\MovieCollectionManager\backend\mc-service\src\api\movies\update.rs
FN:17,update_movie
FNF:1
FNDA:0,update_movie
DA:17,0
LF:1
LH:0
end_of_record
TN:
SF:E:\Programming\VSCode\MovieCollectionManager\backend\mc-service\src\api\router.rs
FN:56,build
FNF:1
FNDA:1152921504606846976,build
DA:56,1152921504606846976
DA:60,1152921504606846976
DA:61,1729382256910270464
DA:62,1152921504606846976
DA:63,1729382256910270464
DA:66,1729382256910270464
DA:68,1729382256910270464
DA:69,1729382256910270464
DA:70,1729382256910270464
DA:71,1729382256910270464
DA:74,1729382256910270464
DA:75,1729382256910270464
DA:78,1152921504606846976
DA:79,1152921504606846976
DA:80,1152921504606846976
DA:82,1152921504606846976
DA:83,1152921504606846976
DA:84,1152921504606846976
DA:86,1152921504606846976
DA:87,1152921504606846976
DA:88,1152921504606846976
DA:92,2305843009213693952
DA:93,2305843009213693952
DA:94,1152921504606846976
DA:95,1152921504606846976
DA:96,576460752303423488
DA:110,1152921504606846976
DA:111,288230376151711744
DA:115,864691128455135232
DA:120,1152921504606846976
DA:121,1152921504606846976
DA:122,1729382256910270464
DA:124,1729382256910270464
DA:125,2305843009213693952
DA:130,1152921504606846976
DA:131,2305843009213693952
DA:134,576460752303423488
DA:135,576460752303423488
DA:136,576460752303423488
DA:138,2305843009213693952
DA:140,1729382256910270464
DA:143,1729382256910270464
DA:149,1152921504606846976
DA:150,1729382256910270464
DA:151,1152921504606846976
DA:152,1152921504606846976
DA:153,1729382256910270464
DA:159,1152921504606846976
DA:160,1729382256910270464
DA:161,1729382256910270464
DA:167,1152921504606846976
DA:168,1729382256910270464
DA:169,1152921504606846976
DA:170,1152921504606846976
DA:171,1152921504606846976
DA:173,576460752303423488
LF:56
LH:56
end_of_record
TN:
SF:E:\Programming\VSCode\MovieCollectionManager\backend\mc-service\src\application\access_control.rs
FN:18,authorize_collection_access
FNF:1
FNDA:5980780305148018688,authorize_collection_access
DA:18,5980780305148018688
DA:24,5476377146882523136
DA:25,4611686018427387904
DA:26,4899916394579099648
DA:28,864691128455135232
LF:5
LH:5
end_of_record
TN:
SF:E:\Programming\VSCode\MovieCollectionManager\backend\mc-service\src\application\commands\create_collection.rs
FN:19,CreateCollectionHandler::new
FN:23,CreateCollectionHandler::handle
FNF:2
FNDA:936748722493063168,CreateCollectionHandler::new
FNDA:720575940379279360,CreateCollectionHandler::handle
DA:19,936748722493063168
DA:23,720575940379279360
DA:25,720575940379279360
DA:26,720575940379279360
DA:27,216172782113783808
DA:28,216172782113783808
DA:32,432345564227567616
LF:7
LH:7
end_of_record
TN:
SF:E:\Programming\VSCode\MovieCollectionManager\backend\mc-service\src\application\commands\create_movie.rs
FN:28,CreateMovieHandler::new
FN:38,CreateMovieHandler::handle
FNF:2
FNDA:3170534137668829184,CreateMovieHandler::new
FNDA:5476377146882523136,CreateMovieHandler::handle
DA:28,3170534137668829184
DA:38,5476377146882523136
DA:42,5476377146882523136
DA:43,5476377146882523136
DA:44,5476377146882523136
DA:45,2738188573441261568
DA:47,3170534137668829184
DA:50,4611686018427387904
DA:51,4467570830351532032
DA:53,144115188075855872
DA:54,144115188075855872
DA:59,4107282860161892352
DA:60,288230376151711744
DA:61,288230376151711744
DA:67,1873497444986126336
DA:68,1873497444986126336
DA:69,3746994889972252672
DA:70,1873497444986126336
DA:71,1873497444986126336
DA:72,1873497444986126336
DA:73,1873497444986126336
DA:75,5620492334958379008
DA:76,5620492334958379008
DA:78,3746994889972252672
DA:79,216172782113783808
DA:81,3314649325744685056
DA:82,216172782113783808
DA:86,3098476543630901248
DA:90,2449958197289549824
DA:91,3674937295934324736
DA:92,1224979098644774912
LF:31
LH:31
end_of_record
TN:
SF:E:\Programming\VSCode\MovieCollectionManager\backend\mc-service\src\application\commands\delete_collection.rs
FN:16,DeleteCollectionHandler::new
FN:20,DeleteCollectionHandler::handle
FNF:2
FNDA:792633534417207296,DeleteCollectionHandler::new
FNDA:432345564227567616,DeleteCollectionHandler::handle
DA:16,792633534417207296
DA:20,432345564227567616
DA:21,432345564227567616
DA:22,432345564227567616
DA:23,216172782113783808
LF:5
LH:5
end_of_record
TN:
SF:E:\Programming\VSCode\MovieCollectionManager\backend\mc-service\src\application\commands\delete_movie.rs
FN:21,DeleteMovieHandler::new
FN:31,DeleteMovieHandler::handle
FNF:2
FNDA:1152921504606847018,DeleteMovieHandler::new
FNDA:1152921504606846976,DeleteMovieHandler::handle
DA:21,1152921504606847018
DA:31,1152921504606846976
DA:34,1152921504606846976
DA:35,1152921504606846976
DA:36,1152921504606846976
DA:37,576460752303423488
DA:39,720575940379279360
DA:41,864691128455135232
DA:42,1297036692682702848
DA:43,432345564227567616
LF:10
LH:10
end_of_record
TN:
SF:E:\Programming\VSCode\MovieCollectionManager\backend\mc-service\src\application\commands\set_default_collection.rs
FN:17,SetDefaultCollectionHandler::new
FN:27,SetDefaultCollectionHandler::handle
FNF:2
FNDA:1008806316530991104,SetDefaultCollectionHandler::new
FNDA:576460752303423488,SetDefaultCollectionHandler::handle
DA:17,1008806316530991104
DA:27,576460752303423488
DA:32,1152921504606846976
DA:33,1152921504606846976
DA:34,792633534417207296
DA:36,720575940379279360
DA:37,360287970189639680
DA:38,432345564227567616
DA:39,576460752303423488
DA:40,576460752303423488
DA:41,288230376151711744
LF:11
LH:11
end_of_record
TN:
SF:E:\Programming\VSCode\MovieCollectionManager\backend\mc-service\src\application\commands\update_collection.rs
FN:20,UpdateCollectionHandler::new
FN:24,UpdateCollectionHandler::handle
FNF:2
FNDA:936748722493063182,UpdateCollectionHandler::new
FNDA:720575940379279360,UpdateCollectionHandler::handle
DA:20,936748722493063182
DA:24,720575940379279360
DA:26,648518346341351424
DA:27,576460752303423488
DA:28,576460752303423488
DA:29,144115188075855872
DA:30,144115188075855872
DA:35,432345564227567616
DA:36,648518346341351424
DA:37,216172782113783808
LF:10
LH:10
end_of_record
TN:
SF:E:\Programming\VSCode\MovieCollectionManager\backend\mc-service\src\application\commands\update_movie.rs
FN:29,UpdateMovieHandler::new
FN:39,UpdateMovieHandler::handle
FNF:2
FNDA:1441151880758558720,UpdateMovieHandler::new
FNDA:1729382256910270464,UpdateMovieHandler::handle
DA:29,1441151880758558720
DA:39,1729382256910270464
DA:42,1729382256910270464
DA:43,1729382256910270464
DA:44,1729382256910270464
DA:45,864691128455135232
DA:47,1008806316530991104
DA:50,1441151880758558720
DA:51,1297036692682702848
DA:53,72057594037927936
DA:54,72057594037927936
DA:60,648518346341351424
DA:61,648518346341351424
DA:62,1297036692682702848
DA:63,648518346341351424
DA:64,648518346341351424
DA:65,648518346341351424
DA:66,648518346341351424
DA:68,1945555039024054272
DA:69,1945555039024054272
DA:71,1297036692682702848
DA:72,72057594037927936
DA:74,1152921504606846976
DA:75,72057594037927936
DA:79,1080863910568919040
DA:82,864691128455135232
DA:84,864691128455135232
DA:85,864691128455135232
DA:86,432345564227567616
DA:87,432345564227567616
DA:89,432345564227567616
LF:31
LH:31
end_of_record
TN:
SF:E:\Programming\VSCode\MovieCollectionManager\backend\mc-service\src\application\queries\get_collection.rs
FN:17,GetCollectionHandler::new
FN:21,GetCollectionHandler::handle
FNF:2
FNDA:864691128455135232,GetCollectionHandler::new
FNDA:576460752303423530,GetCollectionHandler::handle
DA:17,864691128455135232
DA:21,576460752303423530
DA:22,576460752303423572
DA:23,576460752303423572
DA:24,288230376151711786
LF:5
LH:5
end_of_record
TN:
SF:E:\Programming\VSCode\MovieCollectionManager\backend\mc-service\src\application\queries\get_filter_options.rs
FN:21,GetFilterOptionsHandler::new
FN:31,GetFilterOptionsHandler::handle
FNF:2
FNDA:864691128455135232,GetFilterOptionsHandler::new
FNDA:288230376151711744,GetFilterOptionsHandler::handle
DA:21,864691128455135232
DA:31,288230376151711744
DA:37,576460752303423488
DA:38,576460752303423488
DA:39,576460752303423488
DA:40,288230376151711744
DA:42,288230376151711744
DA:44,576460752303423488
DA:45,576460752303423488
DA:46,288230376151711744
LF:10
LH:10
end_of_record
TN:
SF:E:\Programming\VSCode\MovieCollectionManager\backend\mc-service\src\application\queries\get_movie.rs
FN:22,GetMovieHandler::new
FN:32,GetMovieHandler::handle
FNF:2
FNDA:864691128455135232,GetMovieHandler::new
FNDA:576460752303423488,GetMovieHandler::handle
DA:22,864691128455135232
DA:32,576460752303423488
DA:35,576460752303423488
DA:36,576460752303423488
DA:37,576460752303423488
DA:38,288230376151711744
DA:40,288230376151711744
DA:42,576460752303423488
DA:43,864691128455135232
DA:44,288230376151711744
LF:10
LH:10
end_of_record
TN:
SF:E:\Programming\VSCode\MovieCollectionManager\backend\mc-service\src\application\queries\list_collections.rs
FN:16,ListCollectionsHandler::new
FN:20,ListCollectionsHandler::handle
FNF:2
FNDA:864691128455135232,ListCollectionsHandler::new
FNDA:288230376151711744,ListCollectionsHandler::handle
DA:16,864691128455135232
DA:20,288230376151711744
DA:24,576460752303423488
LF:3
LH:3
end_of_record
TN:
SF:E:\Programming\VSCode\MovieCollectionManager\backend\mc-service\src\application\queries\list_movies.rs
FN:22,ListMoviesHandler::new
FN:32,ListMoviesHandler::handle
FNF:2
FNDA:1513209474796486656,ListMoviesHandler::new
FNDA:1873497444986126336,ListMoviesHandler::handle
DA:22,1513209474796486656
DA:32,1873497444986126336
DA:35,1873497444986126336
DA:36,1873497444986126336
DA:37,1873497444986126336
DA:38,936748722493063168
DA:40,1080863910568919040
DA:42,1585267068834414592
DA:43,2377900603251621888
DA:44,792633534417207296
LF:10
LH:10
end_of_record
TN:
SF:E:\Programming\VSCode\MovieCollectionManager\backend\mc-service\src\config.rs
FN:23,Config::from_env
FN:46,require_env
FNF:2
FNDA:576460752303423488,Config::from_env
FNDA:3026418949592973312,require_env
DA:23,576460752303423488
DA:25,576460752303423488
DA:26,576460752303423488
DA:28,1729382256910270464
DA:29,1729382256910270464
DA:30,1729382256910270464
DA:31,1729382256910270464
DA:32,1729382256910270464
DA:34,576460752303423488
DA:36,576460752303423488
DA:37,1152921504606846976
DA:38,1152921504606846976
DA:39,1152921504606846976
DA:40,576460752303423488
DA:41,576460752303423488
DA:46,3026418949592973312
DA:47,9223372036854775808
LF:17
LH:17
end_of_record
TN:
SF:E:\Programming\VSCode\MovieCollectionManager\backend\mc-service\src\domain\collection.rs
FN:38,AclRole::rank
FN:49,MovieCollection::new
FN:71,MovieCollection::authorizes
FNF:3
FNDA:11817445422220181504,AclRole::rank
FNDA:4107282860161892352,MovieCollection::new
FNDA:6701356245527298048,MovieCollection::authorizes
DA:38,11817445422220181504
DA:39,11817445422220181504
DA:40,5044031582654955520
DA:41,4539628424389459968
DA:42,2233785415175766016
DA:49,4107282860161892352
DA:54,12321848580485677056
DA:57,12321848580485677056
DA:58,12321848580485677056
DA:61,8214565720323784704
DA:71,6701356245527298048
DA:72,6701356245527298048
DA:74,2810246167479189504
DA:75,11889503016258109440
LF:14
LH:14
end_of_record
TN:
SF:E:\Programming\VSCode\MovieCollectionManager\backend\mc-service\src\domain\external_id.rs
FN:22,ExternalIdentifier::new
FN:45,ExternalIdentifier::key
FN:51,has_duplicate_external_ids
FNF:3
FNDA:720575940379279360,ExternalIdentifier::new
FNDA:1008806316530991104,ExternalIdentifier::key
FNDA:2089670227099910144,has_duplicate_external_ids
DA:22,720575940379279360
DA:27,2161727821137838080
DA:28,2161727821137838080
DA:30,1441151880758558720
DA:31,72057594037927936
DA:33,1297036692682702848
DA:34,72057594037927936
DA:37,576460752303423488
DA:38,1152921504606846976
DA:39,576460752303423488
DA:40,576460752303423488
DA:45,1008806316530991104
DA:46,1008806316530991104
DA:51,2089670227099910144
DA:52,4179340454199820288
DA:53,3098476543630901248
DA:54,3026418949592973312
DA:55,216172782113783808
DA:58,1873497444986126336
LF:19
LH:19
end_of_record
TN:
SF:E:\Programming\VSCode\MovieCollectionManager\backend\mc-service\src\domain\movie.rs
FN:84,Movie::new
FN:123,Movie::set_owned_media
FN:129,Movie::set_rip_quality
FNF:3
FNDA:3386706919782612992,Movie::new
FNDA:144115188075855872,Movie::set_owned_media
FNDA:144115188075855872,Movie::set_rip_quality
DA:84,3386706919782612992
DA:97,10160120759347838976
DA:100,10160120759347838976
DA:110,6773413839565225984
DA:111,6773413839565225984
DA:113,6773413839565225984
DA:114,6773413839565225984
DA:115,6773413839565225984
DA:116,3386706919782612992
DA:117,3386706919782612992
DA:123,144115188075855872
DA:124,432345564227567616
DA:129,144115188075855872
DA:130,432345564227567616
LF:14
LH:14
end_of_record
TN:
SF:E:\Programming\VSCode\MovieCollectionManager\backend\mc-service\src\domain\specifications\collection_name.rs
FN:7,<impl Specification for CollectionNameLengthSpec>::is_satisfied_by
FNF:1
FNDA:1008806316530991104,<impl Specification for CollectionNameLengthSpec>::is_satisfied_by
DA:7,1008806316530991104
DA:8,1873497444986126336
LF:2
LH:2
end_of_record
TN:
SF:E:\Programming\VSCode\MovieCollectionManager\backend\mc-service\src\domain\specifications\content_type.rs
FN:10,<impl Specification for ContentTypeValidSpec>::is_satisfied_by
FNF:1
FNDA:216172782113783808,<impl Specification for ContentTypeValidSpec>::is_satisfied_by
DA:10,216172782113783808
DA:12,216172782113783808
LF:2
LH:2
end_of_record
TN:
SF:E:\Programming\VSCode\MovieCollectionManager\backend\mc-service\src\domain\specifications\http_url.rs
FN:13,<impl Specification for HttpUrlSpec>::is_satisfied_by
FN:24,validate_external_ids
FNF:2
FNDA:1080863910568919040,<impl Specification for HttpUrlSpec>::is_satisfied_by
FNDA:2305843009213693952,validate_external_ids
DA:13,1080863910568919040
DA:14,3242591731706757120
DA:15,2089670227099910144
DA:24,2305843009213693952
DA:25,3314649325744685056
DA:26,3746994889972252672
DA:27,216172782113783808
DA:28,216172782113783808
DA:31,1224979098644774912
DA:32,864691128455135232
DA:33,216172782113783808
DA:34,216172782113783808
DA:39,3746994889972252672
DA:40,144115188075855872
DA:41,144115188075855872
DA:44,1729382256910270464
LF:16
LH:16
end_of_record
TN:
SF:E:\Programming\VSCode\MovieCollectionManager\backend\mc-service\src\domain\specifications\media_format.rs
FN:8,<impl Specification for MediaFormatValidSpec>::is_satisfied_by
FNF:1
FNDA:288230376151711744,<impl Specification for MediaFormatValidSpec>::is_satisfied_by
DA:8,288230376151711744
DA:10,288230376151711744
LF:2
LH:2
end_of_record
TN:
SF:E:\Programming\VSCode\MovieCollectionManager\backend\mc-service\src\domain\specifications\owned_media.rs
FN:8,<impl Specification for OwnedMediaWhenOwnedSpec>::is_satisfied_by
FNF:1
FNDA:2738188573441261568,<impl Specification for OwnedMediaWhenOwnedSpec>::is_satisfied_by
DA:8,2738188573441261568
DA:9,2738188573441261568
DA:10,4035225266123964416
DA:12,720575940379279360
LF:4
LH:4
end_of_record
TN:
SF:E:\Programming\VSCode\MovieCollectionManager\backend\mc-service\src\domain\specifications\required_string.rs
FN:10,<impl Specification for RequiredStringSpec>::is_satisfied_by
FNF:1
FNDA:6269010681299730432,<impl Specification for RequiredStringSpec>::is_satisfied_by
DA:10,6269010681299730432
DA:11,6269010681299730432
LF:2
LH:2
end_of_record
TN:
SF:E:\Programming\VSCode\MovieCollectionManager\backend\mc-service\src\domain\specifications\rip_quality.rs
FN:8,<impl Specification for RipQualityWhenRippedSpec>::is_satisfied_by
FNF:1
FNDA:2449958197289549824,<impl Specification for RipQualityWhenRippedSpec>::is_satisfied_by
DA:8,2449958197289549824
DA:9,2449958197289549824
DA:10,4611686018427387904
DA:12,144115188075855872
LF:4
LH:4
end_of_record
TN:
SF:E:\Programming\VSCode\MovieCollectionManager\backend\mc-service\src\domain\specifications\spec.rs
FN:27,AndSpec<T,A,B>::new
FN:42,<impl Specification for AndSpec<T,A,B>>::is_satisfied_by
FN:65,OrSpec<T,A,B>::new
FN:80,<impl Specification for OrSpec<T,A,B>>::is_satisfied_by
FN:100,NotSpec<T,S>::new
FN:113,<impl Specification for NotSpec<T,S>>::is_satisfied_by
FNF:6
FNDA:504403158265495552,AndSpec<T,A,B>::new
FNDA:504403158265495552,<impl Specification for AndSpec<T,A,B>>::is_satisfied_by
FNDA:216172782113783808,OrSpec<T,A,B>::new
FNDA:216172782113783808,<impl Specification for OrSpec<T,A,B>>::is_satisfied_by
FNDA:360287970189639680,NotSpec<T,S>::new
FNDA:288230376151711744,<impl Specification for NotSpec<T,S>>::is_satisfied_by
DA:27,504403158265495552
DA:42,504403158265495552
DA:43,2377900603251621888
DA:65,216172782113783808
DA:80,216172782113783808
DA:81,1080863910568919040
DA:100,360287970189639680
DA:113,288230376151711744
DA:114,576460752303423488
LF:9
LH:9
end_of_record
TN:
SF:E:\Programming\VSCode\MovieCollectionManager\backend\mc-service\src\main.rs
FN:6,main
FN:48,check_orphaned_movies
FNF:2
FNDA:0,main
FNDA:0,check_orphaned_movies
DA:6,0
DA:8,0
DA:10,0
DA:11,0
DA:13,0
DA:17,0
DA:19,0
DA:22,0
DA:25,0
DA:31,0
DA:34,0
DA:37,0
DA:38,0
DA:39,0
DA:41,0
DA:43,0
DA:48,0
DA:52,0
DA:53,0
DA:59,0
DA:60,0
DA:63,0
DA:64,0
DA:65,0
DA:66,0
DA:68,0
DA:69,0
DA:70,0
DA:71,0
DA:72,0
DA:73,0
DA:74,0
DA:77,0
DA:78,0
DA:85,0
LF:35
LH:0
end_of_record
