TN:
SF:E:\Programming\VSCode\MovieCollectionManager\backend\mc-service\src\adapters\mongodb\client.rs
FN:10,connect
FNF:1
FNDA:0,connect
DA:10,0
DA:11,0
DA:14,0
DA:17,0
DA:20,0
DA:23,0
DA:25,0
DA:26,0
LF:8
LH:0
end_of_record
TN:
SF:E:\Programming\VSCode\MovieCollectionManager\backend\mc-service\src\adapters\mongodb\collection_repository.rs
FN:18,MongoCollectionRepository::new
FN:26,dao_to_dto
FN:41,is_duplicate_key
FN:47,parse_object_id
FN:75,<impl CollectionRepository for MongoCollectionRepository>::create
FN:100,<impl CollectionRepository for MongoCollectionRepository>::get_by_id
FN:130,<impl CollectionRepository for MongoCollectionRepository>::list_by_owner
FN:184,<impl CollectionRepository for MongoCollectionRepository>::update
FN:199,<impl CollectionRepository for MongoCollectionRepository>::delete
FN:230,<impl CollectionRepository for MongoCollectionRepository>::find_default_for_owner
FN:235,<impl CollectionRepository for MongoCollectionRepository>::clear_default_for_owner
FN:245,<impl CollectionRepository for MongoCollectionRepository>::set_as_default
FNF:12
FNDA:0,MongoCollectionRepository::new
FNDA:0,dao_to_dto
FNDA:0,is_duplicate_key
FNDA:0,parse_object_id
FNDA:0,<impl CollectionRepository for MongoCollectionRepository>::create
FNDA:0,<impl CollectionRepository for MongoCollectionRepository>::get_by_id
FNDA:0,<impl CollectionRepository for MongoCollectionRepository>::list_by_owner
FNDA:0,<impl CollectionRepository for MongoCollectionRepository>::update
FNDA:0,<impl CollectionRepository for MongoCollectionRepository>::delete
FNDA:0,<impl CollectionRepository for MongoCollectionRepository>::find_default_for_owner
FNDA:0,<impl CollectionRepository for MongoCollectionRepository>::clear_default_for_owner
FNDA:0,<impl CollectionRepository for MongoCollectionRepository>::set_as_default
DA:18,0
DA:20,0
DA:21,0
DA:26,0
DA:27,0
DA:28,0
DA:29,0
DA:32,0
DA:33,0
DA:34,0
DA:35,0
DA:41,0
DA:42,0
DA:43,0
DA:44,0
DA:47,0
DA:48,0
DA:75,0
DA:76,0
DA:77,0
DA:79,0
DA:86,0
DA:100,0
DA:107,0
DA:130,0
DA:136,0
DA:138,0
DA:184,0
DA:185,0
DA:186,0
DA:188,0
DA:199,0
DA:206,0
DA:213,0
DA:230,0
DA:232,0
DA:235,0
DA:241,0
DA:245,0
DA:254,0
LF:40
LH:0
end_of_record
TN:
SF:E:\Programming\VSCode\MovieCollectionManager\backend\mc-service\src\adapters\mongodb\daos\collection_dao.rs
FN:32,<impl From for MovieCollection>::from
FN:56,<impl From for CollectionDao>::from
FNF:2
FNDA:0,<impl From for MovieCollection>::from
FNDA:0,<impl From for CollectionDao>::from
DA:32,0
DA:34,0
DA:35,0
DA:36,0
DA:37,0
DA:38,0
DA:39,0
DA:56,0
DA:57,0
DA:59,0
DA:63,0
DA:64,0
DA:65,0
DA:66,0
DA:67,0
LF:15
LH:0
end_of_record
TN:
SF:E:\Programming\VSCode\MovieCollectionManager\backend\mc-service\src\adapters\mongodb\daos\movie_dao.rs
FN:58,content_type_from_str
FN:66,media_format_from_str
FN:76,<impl From for Movie>::from
FNF:3
FNDA:0,content_type_from_str
FNDA:0,media_format_from_str
FNDA:0,<impl From for Movie>::from
DA:58,0
DA:59,0
DA:60,0
DA:61,0
DA:62,0
DA:66,0
DA:67,0
DA:68,0
DA:69,0
DA:70,0
DA:71,0
DA:76,0
DA:78,0
DA:79,0
DA:80,0
DA:81,0
DA:82,0
DA:83,0
DA:84,0
DA:85,0
DA:86,0
DA:87,0
DA:88,0
DA:89,0
DA:90,0
DA:91,0
DA:92,0
DA:93,0
DA:103,0
DA:104,0
DA:105,0
DA:106,0
DA:107,0
DA:108,0
DA:113,0
DA:118,0
LF:36
LH:0
end_of_record
TN:
SF:E:\Programming\VSCode\MovieCollectionManager\backend\mc-service\src\adapters\mongodb\indexes.rs
FN:10,create_indexes
FN:17,create_collection_indexes
FN:62,create_movie_indexes
FNF:3
FNDA:0,create_indexes
FNDA:0,create_collection_indexes
FNDA:0,create_movie_indexes
DA:10,0
DA:11,0
DA:12,0
DA:13,0
DA:14,0
DA:17,0
DA:18,0
DA:21,0
DA:22,0
DA:24,0
DA:25,0
DA:26,0
DA:27,0
DA:28,0
DA:29,0
DA:30,0
DA:31,0
DA:33,0
DA:38,0
DA:39,0
DA:41,0
DA:42,0
DA:43,0
DA:48,0
DA:49,0
DA:51,0
DA:52,0
DA:53,0
DA:57,0
DA:58,0
DA:59,0
DA:62,0
DA:63,0
DA:66,0
DA:67,0
DA:69,0
DA:70,0
DA:71,0
DA:72,0
DA:73,0
DA:74,0
DA:75,0
DA:76,0
DA:78,0
DA:83,0
DA:84,0
DA:86,0
DA:87,0
DA:88,0
DA:93,0
DA:94,0
DA:96,0
DA:97,0
DA:98,0
DA:103,0
DA:104,0
DA:115,0
DA:116,0
DA:117,0
DA:127,0
DA:132,0
DA:133,0
DA:135,0
DA:136,0
DA:138,0
DA:139,0
DA:140,0
DA:141,0
DA:143,0
DA:144,0
DA:146,0
DA:148,0
DA:149,0
DA:152,0
DA:153,0
DA:157,0
DA:158,0
DA:159,0
DA:160,0
DA:161,0
DA:165,0
DA:166,0
DA:168,0
DA:169,0
LF:84
LH:0
end_of_record
TN:
SF:E:\Programming\VSCode\MovieCollectionManager\backend\mc-service\src\adapters\mongodb\movie_repository.rs
FN:20,MongoMovieRepository::new
FN:27,parse_oid
FN:31,parse_coll_oid
FN:35,is_duplicate_key
FN:41,content_type_to_str
FN:49,media_format_to_str
FN:58,rating_to_str
FN:70,dao_to_dto
FN:141,encode_cursor
FN:145,decode_cursor
FN:177,<impl MovieRepository for MongoMovieRepository>::create
FN:244,<impl MovieRepository for MongoMovieRepository>::get_by_id
FN:276,<impl MovieRepository for MongoMovieRepository>::update
FN:337,<impl MovieRepository for MongoMovieRepository>::delete
FN:411,<impl MovieRepository for MongoMovieRepository>::list
FN:457,<impl MovieRepository for MongoMovieRepository>::get_filter_options
FNF:16
FNDA:0,MongoMovieRepository::new
FNDA:0,parse_oid
FNDA:0,parse_coll_oid
FNDA:0,is_duplicate_key
FNDA:0,content_type_to_str
FNDA:0,media_format_to_str
FNDA:0,rating_to_str
FNDA:0,dao_to_dto
FNDA:0,encode_cursor
FNDA:0,decode_cursor
FNDA:0,<impl MovieRepository for MongoMovieRepository>::create
FNDA:0,<impl MovieRepository for MongoMovieRepository>::get_by_id
FNDA:0,<impl MovieRepository for MongoMovieRepository>::update
FNDA:0,<impl MovieRepository for MongoMovieRepository>::delete
FNDA:0,<impl MovieRepository for MongoMovieRepository>::list
FNDA:0,<impl MovieRepository for MongoMovieRepository>::get_filter_options
DA:20,0
DA:22,0
DA:27,0
DA:28,0
DA:31,0
DA:32,0
DA:35,0
DA:36,0
DA:37,0
DA:38,0
DA:41,0
DA:42,0
DA:43,0
DA:44,0
DA:45,0
DA:49,0
DA:50,0
DA:51,0
DA:52,0
DA:53,0
DA:54,0
DA:58,0
DA:59,0
DA:60,0
DA:61,0
DA:62,0
DA:63,0
DA:64,0
DA:65,0
DA:66,0
DA:70,0
DA:74,0
DA:75,0
DA:76,0
DA:77,0
DA:78,0
DA:83,0
DA:84,0
DA:85,0
DA:86,0
DA:87,0
DA:88,0
DA:89,0
DA:90,0
DA:91,0
DA:92,0
DA:102,0
DA:103,0
DA:104,0
DA:105,0
DA:106,0
DA:107,0
DA:117,0
DA:127,0
DA:136,0
DA:137,0
DA:141,0
DA:142,0
DA:145,0
DA:146,0
DA:147,0
DA:177,0
DA:206,0
DA:207,0
DA:208,0
DA:210,0
DA:217,0
DA:225,0
DA:244,0
DA:276,0
DA:309,0
DA:310,0
DA:311,0
DA:313,0
DA:337,0
DA:411,0
DA:417,0
DA:433,0
DA:457,0
DA:459,0
DA:466,0
DA:468,0
DA:473,0
DA:474,0
DA:475,0
DA:476,0
DA:477,0
DA:485,0
DA:487,0
DA:494,0
DA:496,0
DA:503,0
DA:505,0
DA:508,0
DA:516,0
DA:518,0
DA:525,0
DA:527,0
LF:98
LH:0
end_of_record
TN:
SF:E:\Programming\VSCode\MovieCollectionManager\backend\mc-service\src\api\collections\create.rs
FN:13,create_collection
FNF:1
FNDA:0,create_collection
DA:13,0
LF:1
LH:0
end_of_record
TN:
SF:E:\Programming\VSCode\MovieCollectionManager\backend\mc-service\src\api\collections\delete.rs
FN:17,delete_collection
FNF:1
FNDA:0,delete_collection
DA:17,0
LF:1
LH:0
end_of_record
TN:
SF:E:\Programming\VSCode\MovieCollectionManager\backend\mc-service\src\api\collections\get.rs
FN:16,get_collection
FNF:1
FNDA:0,get_collection
DA:16,0
LF:1
LH:0
end_of_record
TN:
SF:E:\Programming\VSCode\MovieCollectionManager\backend\mc-service\src\api\collections\list.rs
FN:12,list_collections
FNF:1
FNDA:0,list_collections
DA:12,0
LF:1
LH:0
end_of_record
TN:
SF:E:\Programming\VSCode\MovieCollectionManager\backend\mc-service\src\api\collections\update.rs
FN:19,update_collection
FNF:1
FNDA:0,update_collection
DA:19,0
LF:1
LH:0
end_of_record
TN:
SF:E:\Programming\VSCode\MovieCollectionManager\backend\mc-service\src\api\health.rs
FN:7,health_handler
FNF:1
FNDA:0,health_handler
DA:7,0
LF:1
LH:0
end_of_record
TN:
SF:E:\Programming\VSCode\MovieCollectionManager\backend\mc-service\src\api\middleware\auth.rs
FN:24,<impl Display for Role>::fmt
FN:34,<impl From for Role>::from
FN:61,build_auth_layer
FNF:3
FNDA:0,<impl Display for Role>::fmt
FNDA:0,<impl From for Role>::from
FNDA:0,build_auth_layer
DA:24,0
DA:25,0
DA:26,0
DA:27,0
DA:28,0
DA:34,0
DA:35,0
DA:36,0
DA:37,0
DA:38,0
DA:61,0
DA:62,0
DA:63,0
DA:64,0
DA:66,0
LF:15
LH:0
end_of_record
TN:
SF:E:\Programming\VSCode\MovieCollectionManager\backend\mc-service\src\api\middleware\error_handler.rs
FN:10,problem_response
FN:32,domain_error_to_response
FNF:2
FNDA:0,problem_response
FNDA:0,domain_error_to_response
DA:10,0
DA:16,0
DA:17,0
DA:18,0
DA:19,0
DA:20,0
DA:24,0
DA:25,0
DA:26,0
DA:32,0
DA:33,0
DA:62,0
DA:82,0
DA:83,0
LF:14
LH:0
end_of_record
TN:
SF:E:\Programming\VSCode\MovieCollectionManager\backend\mc-service\src\api\middleware\logging.rs
FN:8,logging_middleware
FNF:1
FNDA:0,logging_middleware
DA:8,0
DA:9,0
DA:10,0
DA:11,0
DA:13,0
DA:14,0
DA:15,0
DA:16,0
DA:18,0
DA:27,0
LF:10
LH:0
end_of_record
TN:
SF:E:\Programming\VSCode\MovieCollectionManager\backend\mc-service\src\api\movies\create.rs
FN:18,create_movie
FNF:1
FNDA:0,create_movie
DA:18,0
LF:1
LH:0
end_of_record
TN:
SF:E:\Programming\VSCode\MovieCollectionManager\backend\mc-service\src\api\movies\delete.rs
FN:17,delete_movie
FNF:1
FNDA:0,delete_movie
DA:17,0
LF:1
LH:0
end_of_record
TN:
SF:E:\Programming\VSCode\MovieCollectionManager\backend\mc-service\src\api\movies\filter_options.rs
FN:16,get_filter_options
FNF:1
FNDA:0,get_filter_options
DA:16,0
LF:1
LH:0
end_of_record
TN:
SF:E:\Programming\VSCode\MovieCollectionManager\backend\mc-service\src\api\movies\get.rs
FN:16,get_movie
FNF:1
FNDA:0,get_movie
DA:16,0
LF:1
LH:0
end_of_record
TN:
SF:E:\Programming\VSCode\MovieCollectionManager\backend\mc-service\src\api\movies\list.rs
FN:37,list_movies
FNF:1
FNDA:0,list_movies
DA:37,0
LF:1
LH:0
end_of_record
TN:
SF:E:\Programming\VSCode\MovieCollectionManager\backend\mc-service\src\api\movies\update.rs
FN:17,update_movie
FNF:1
FNDA:0,update_movie
DA:17,0
LF:1
LH:0
end_of_record
TN:
SF:E:\Programming\VSCode\MovieCollectionManager\backend\mc-service\src\api\router.rs
FN:47,build
FNF:1
FNDA:0,build
DA:47,0
DA:51,0
DA:52,0
DA:53,0
DA:54,0
DA:57,0
DA:59,0
DA:60,0
DA:61,0
DA:62,0
DA:65,0
DA:66,0
DA:69,0
DA:70,0
DA:71,0
DA:74,0
DA:75,0
DA:76,0
DA:80,0
DA:81,0
DA:82,0
DA:84,0
DA:85,0
DA:90,0
DA:91,0
DA:94,0
DA:95,0
DA:96,0
DA:98,0
DA:100,0
DA:103,0
DA:106,0
DA:107,0
DA:108,0
DA:109,0
DA:113,0
DA:118,0
DA:119,0
DA:120,0
DA:121,0
DA:123,0
LF:41
LH:0
end_of_record
TN:
SF:E:\Programming\VSCode\MovieCollectionManager\backend\mc-service\src\application\commands\create_collection.rs
FN:19,CreateCollectionHandler::new
FN:23,CreateCollectionHandler::handle
FNF:2
FNDA:216172782113783808,CreateCollectionHandler::new
FNDA:432345564227567616,CreateCollectionHandler::handle
DA:19,216172782113783808
DA:23,432345564227567616
DA:25,432345564227567616
DA:26,432345564227567616
DA:27,72057594037927936
DA:28,72057594037927936
DA:32,432345564227567616
LF:7
LH:7
end_of_record
TN:
SF:E:\Programming\VSCode\MovieCollectionManager\backend\mc-service\src\application\commands\create_movie.rs
FN:22,CreateMovieHandler::new
FN:26,CreateMovieHandler::handle
FNF:2
FNDA:432345564227567616,CreateMovieHandler::new
FNDA:864691128455135232,CreateMovieHandler::handle
DA:22,432345564227567616
DA:26,864691128455135232
DA:28,792633534417207296
DA:29,144115188075855872
DA:30,144115188075855872
DA:36,288230376151711744
DA:37,288230376151711744
DA:38,576460752303423488
DA:39,288230376151711744
DA:40,288230376151711744
DA:41,288230376151711744
DA:42,288230376151711744
DA:44,864691128455135232
DA:45,864691128455135232
DA:47,576460752303423488
DA:48,72057594037927936
DA:50,432345564227567616
DA:51,72057594037927936
DA:54,288230376151711744
DA:55,432345564227567616
DA:56,144115188075855872
LF:21
LH:21
end_of_record
TN:
SF:E:\Programming\VSCode\MovieCollectionManager\backend\mc-service\src\application\commands\delete_collection.rs
FN:16,DeleteCollectionHandler::new
FN:20,DeleteCollectionHandler::handle
FNF:2
FNDA:216172782113783808,DeleteCollectionHandler::new
FNDA:432345564227567616,DeleteCollectionHandler::handle
DA:16,216172782113783808
DA:20,432345564227567616
DA:21,432345564227567616
DA:22,432345564227567616
DA:23,216172782113783808
LF:5
LH:5
end_of_record
TN:
SF:E:\Programming\VSCode\MovieCollectionManager\backend\mc-service\src\application\commands\delete_movie.rs
FN:17,DeleteMovieHandler::new
FN:21,DeleteMovieHandler::handle
FNF:2
FNDA:288230376151711744,DeleteMovieHandler::new
FNDA:576460752303423488,DeleteMovieHandler::handle
DA:17,288230376151711744
DA:21,576460752303423488
DA:22,576460752303423488
DA:23,864691128455135232
DA:24,288230376151711744
LF:5
LH:5
end_of_record
TN:
SF:E:\Programming\VSCode\MovieCollectionManager\backend\mc-service\src\application\commands\set_default_collection.rs
FN:17,SetDefaultCollectionHandler::new
FN:22,SetDefaultCollectionHandler::handle
FNF:2
FNDA:216172782113783808,SetDefaultCollectionHandler::new
FNDA:216172782113783808,SetDefaultCollectionHandler::handle
DA:17,216172782113783808
DA:22,216172782113783808
DA:27,432345564227567616
DA:28,216172782113783808
DA:29,288230376151711744
DA:30,288230376151711744
DA:31,288230376151711744
DA:32,144115188075855872
LF:8
LH:8
end_of_record
TN:
SF:E:\Programming\VSCode\MovieCollectionManager\backend\mc-service\src\application\commands\update_collection.rs
FN:20,UpdateCollectionHandler::new
FN:24,UpdateCollectionHandler::handle
FNF:2
FNDA:360287970189639680,UpdateCollectionHandler::new
FNDA:720575940379279360,UpdateCollectionHandler::handle
DA:20,360287970189639680
DA:24,720575940379279360
DA:26,648518346341351424
DA:27,576460752303423488
DA:28,576460752303423488
DA:29,144115188075855872
DA:30,144115188075855872
DA:35,432345564227567616
DA:36,648518346341351424
DA:37,216172782113783808
LF:10
LH:10
end_of_record
TN:
SF:E:\Programming\VSCode\MovieCollectionManager\backend\mc-service\src\application\commands\update_movie.rs
FN:23,UpdateMovieHandler::new
FN:27,UpdateMovieHandler::handle
FNF:2
FNDA:504403158265495552,UpdateMovieHandler::new
FNDA:1008806316530991104,UpdateMovieHandler::handle
DA:23,504403158265495552
DA:27,1008806316530991104
DA:30,504403158265495552
DA:31,504403158265495552
DA:32,1008806316530991104
DA:33,504403158265495552
DA:34,504403158265495552
DA:35,504403158265495552
DA:36,504403158265495552
DA:38,1513209474796486656
DA:39,1513209474796486656
DA:41,1008806316530991104
DA:42,72057594037927936
DA:44,864691128455135232
DA:45,72057594037927936
DA:48,720575940379279360
DA:49,1441151880758558720
DA:50,360287970189639680
LF:18
LH:18
end_of_record
TN:
SF:E:\Programming\VSCode\MovieCollectionManager\backend\mc-service\src\application\queries\get_collection.rs
FN:17,GetCollectionHandler::new
FN:21,GetCollectionHandler::handle
FNF:2
FNDA:288230376151711744,GetCollectionHandler::new
FNDA:576460752303423488,GetCollectionHandler::handle
DA:17,288230376151711744
DA:21,576460752303423488
DA:22,576460752303423488
DA:23,576460752303423488
DA:24,288230376151711744
LF:5
LH:5
end_of_record
TN:
SF:E:\Programming\VSCode\MovieCollectionManager\backend\mc-service\src\application\queries\get_filter_options.rs
FN:17,GetFilterOptionsHandler::new
FN:21,GetFilterOptionsHandler::handle
FNF:2
FNDA:288230376151711744,GetFilterOptionsHandler::new
FNDA:288230376151711744,GetFilterOptionsHandler::handle
DA:17,288230376151711744
DA:21,288230376151711744
DA:25,576460752303423488
DA:26,576460752303423488
DA:27,288230376151711744
LF:5
LH:5
end_of_record
TN:
SF:E:\Programming\VSCode\MovieCollectionManager\backend\mc-service\src\application\queries\get_movie.rs
FN:18,GetMovieHandler::new
FN:22,GetMovieHandler::handle
FNF:2
FNDA:288230376151711744,GetMovieHandler::new
FNDA:576460752303423488,GetMovieHandler::handle
DA:18,288230376151711744
DA:22,576460752303423488
DA:23,576460752303423488
DA:24,864691128455135232
DA:25,288230376151711744
LF:5
LH:5
end_of_record
TN:
SF:E:\Programming\VSCode\MovieCollectionManager\backend\mc-service\src\application\queries\list_collections.rs
FN:16,ListCollectionsHandler::new
FN:20,ListCollectionsHandler::handle
FNF:2
FNDA:288230376151711744,ListCollectionsHandler::new
FNDA:288230376151711744,ListCollectionsHandler::handle
DA:16,288230376151711744
DA:20,288230376151711744
DA:24,576460752303423488
LF:3
LH:3
end_of_record
TN:
SF:E:\Programming\VSCode\MovieCollectionManager\backend\mc-service\src\application\queries\list_movies.rs
FN:18,ListMoviesHandler::new
FN:22,ListMoviesHandler::handle
FNF:2
FNDA:648518346341351424,ListMoviesHandler::new
FNDA:1297036692682702848,ListMoviesHandler::handle
DA:18,648518346341351424
DA:22,1297036692682702848
DA:23,1297036692682702848
DA:24,1945555039024054272
DA:25,648518346341351424
LF:5
LH:5
end_of_record
TN:
SF:E:\Programming\VSCode\MovieCollectionManager\backend\mc-service\src\config.rs
FN:23,Config::from_env
FN:46,require_env
FNF:2
FNDA:0,Config::from_env
FNDA:144115188075855872,require_env
DA:23,0
DA:25,0
DA:26,0
DA:28,0
DA:29,0
DA:30,0
DA:31,0
DA:32,0
DA:34,0
DA:36,0
DA:37,0
DA:38,0
DA:39,0
DA:40,0
DA:41,0
DA:46,144115188075855872
DA:47,576460752303423488
LF:17
LH:2
end_of_record
TN:
SF:E:\Programming\VSCode\MovieCollectionManager\backend\mc-service\src\domain\collection.rs
FN:38,MovieCollection::new
FNF:1
FNDA:432345564227567616,MovieCollection::new
DA:38,432345564227567616
DA:43,1297036692682702848
DA:46,1297036692682702848
DA:47,1297036692682702848
DA:50,864691128455135232
LF:5
LH:5
end_of_record
TN:
SF:E:\Programming\VSCode\MovieCollectionManager\backend\mc-service\src\domain\external_id.rs
FN:22,ExternalIdentifier::new
FN:45,ExternalIdentifier::key
FN:51,has_duplicate_external_ids
FNF:3
FNDA:720575940379279360,ExternalIdentifier::new
FNDA:432345564227567616,ExternalIdentifier::key
FNDA:216172782113783808,has_duplicate_external_ids
DA:22,720575940379279360
DA:27,2161727821137838080
DA:28,2161727821137838080
DA:30,1441151880758558720
DA:31,72057594037927936
DA:33,1297036692682702848
DA:34,72057594037927936
DA:37,576460752303423488
DA:38,1152921504606846976
DA:39,576460752303423488
DA:40,576460752303423488
DA:45,432345564227567616
DA:46,432345564227567616
DA:51,216172782113783808
DA:52,432345564227567616
DA:53,648518346341351424
DA:54,1297036692682702848
DA:55,72057594037927936
DA:58,144115188075855872
LF:19
LH:19
end_of_record
TN:
SF:E:\Programming\VSCode\MovieCollectionManager\backend\mc-service\src\domain\movie.rs
FN:84,Movie::new
FN:123,Movie::set_owned_media
FN:129,Movie::set_rip_quality
FNF:3
FNDA:1657324662872342528,Movie::new
FNDA:144115188075855872,Movie::set_owned_media
FNDA:144115188075855872,Movie::set_rip_quality
DA:84,1657324662872342528
DA:97,4971973988617027584
DA:100,4971973988617027584
DA:110,3314649325744685056
DA:111,3314649325744685056
DA:113,3314649325744685056
DA:114,3314649325744685056
DA:115,3314649325744685056
DA:116,1657324662872342528
DA:117,1657324662872342528
DA:123,144115188075855872
DA:124,432345564227567616
DA:129,144115188075855872
DA:130,432345564227567616
LF:14
LH:14
end_of_record
TN:
SF:E:\Programming\VSCode\MovieCollectionManager\backend\mc-service\src\domain\specifications\collection_name.rs
FN:7,<impl Specification for CollectionNameLengthSpec>::is_satisfied_by
FNF:1
FNDA:864691128455135232,<impl Specification for CollectionNameLengthSpec>::is_satisfied_by
DA:7,864691128455135232
DA:8,1585267068834414592
LF:2
LH:2
end_of_record
TN:
SF:E:\Programming\VSCode\MovieCollectionManager\backend\mc-service\src\domain\specifications\content_type.rs
FN:10,<impl Specification for ContentTypeValidSpec>::is_satisfied_by
FNF:1
FNDA:216172782113783808,<impl Specification for ContentTypeValidSpec>::is_satisfied_by
DA:10,216172782113783808
DA:12,216172782113783808
LF:2
LH:2
end_of_record
TN:
SF:E:\Programming\VSCode\MovieCollectionManager\backend\mc-service\src\domain\specifications\media_format.rs
FN:8,<impl Specification for MediaFormatValidSpec>::is_satisfied_by
FNF:1
FNDA:288230376151711744,<impl Specification for MediaFormatValidSpec>::is_satisfied_by
DA:8,288230376151711744
DA:10,288230376151711744
LF:2
LH:2
end_of_record
TN:
SF:E:\Programming\VSCode\MovieCollectionManager\backend\mc-service\src\domain\specifications\owned_media.rs
FN:8,<impl Specification for OwnedMediaWhenOwnedSpec>::is_satisfied_by
FNF:1
FNDA:1008806316530991104,<impl Specification for OwnedMediaWhenOwnedSpec>::is_satisfied_by
DA:8,1008806316530991104
DA:9,1008806316530991104
DA:10,1152921504606846976
DA:12,432345564227567616
LF:4
LH:4
end_of_record
TN:
SF:E:\Programming\VSCode\MovieCollectionManager\backend\mc-service\src\domain\specifications\rip_quality.rs
FN:8,<impl Specification for RipQualityWhenRippedSpec>::is_satisfied_by
FNF:1
FNDA:864691128455135232,<impl Specification for RipQualityWhenRippedSpec>::is_satisfied_by
DA:8,864691128455135232
DA:9,864691128455135232
DA:10,1441151880758558720
DA:12,144115188075855872
LF:4
LH:4
end_of_record
TN:
SF:E:\Programming\VSCode\MovieCollectionManager\backend\mc-service\src\domain\specifications\spec.rs
FN:27,AndSpec<T,A,B>::new
FN:42,<impl Specification for AndSpec<T,A,B>>::is_satisfied_by
FN:65,OrSpec<T,A,B>::new
FN:80,<impl Specification for OrSpec<T,A,B>>::is_satisfied_by
FN:100,NotSpec<T,S>::new
FN:113,<impl Specification for NotSpec<T,S>>::is_satisfied_by
FNF:6
FNDA:504403158265495552,AndSpec<T,A,B>::new
FNDA:504403158265495552,<impl Specification for AndSpec<T,A,B>>::is_satisfied_by
FNDA:216172782113783808,OrSpec<T,A,B>::new
FNDA:216172782113783808,<impl Specification for OrSpec<T,A,B>>::is_satisfied_by
FNDA:360287970189639680,NotSpec<T,S>::new
FNDA:288230376151711744,<impl Specification for NotSpec<T,S>>::is_satisfied_by
DA:27,504403158265495552
DA:42,504403158265495552
DA:43,2377900603251621888
DA:65,216172782113783808
DA:80,216172782113783808
DA:81,1080863910568919040
DA:100,360287970189639680
DA:113,288230376151711744
DA:114,576460752303423488
LF:9
LH:9
end_of_record
